<?xml version="1.0" encoding="UTF-8"?>
<!-- Generated by org.testng.reporters.JUnitReportReporter -->
<testsuite hostname="Shika-Laptop" failures="0" tests="1" name="testLayer.LoginSecurityTest" time="4.852" errors="0" timestamp="2023-08-23T21:00:25 EDT" skipped="0">
  <testcase classname="testLayer.LoginSecurityTest" name="user_must_be_able_to_edit_securityDetails" time="4.852"/>
  <system-out/>
</testsuite> <!-- testLayer.LoginSecurityTest -->
