<?xml version="1.0" encoding="UTF-8"?>
<!-- Generated by org.testng.reporters.JUnitReportReporter -->
<testsuite hostname="Shika-Laptop" failures="0" tests="1" name="testLayer.SearchingTest" time="3.740" errors="0" timestamp="2023-08-24T11:11:41 EDT" skipped="0">
  <testcase classname="testLayer.SearchingTest" name="user_must_be_able_to_search_with_keyword" time="3.740"/>
  <system-out/>
</testsuite> <!-- testLayer.SearchingTest -->
