<?xml version="1.0" encoding="UTF-8"?>
<!-- Generated by org.testng.reporters.JUnitReportReporter -->
<testsuite hostname="Shika-Laptop" failures="0" tests="1" name="testLayer.YourAddressTest" time="4.046" errors="0" timestamp="2023-08-24T11:11:41 EDT" skipped="0">
  <testcase classname="testLayer.YourAddressTest" name="User_Must_be_able_to_add_address" time="4.046"/>
  <system-out/>
</testsuite> <!-- testLayer.YourAddressTest -->
