<?xml version="1.0" encoding="UTF-8"?>
<!-- Generated by org.testng.reporters.JUnitReportReporter -->
<testsuite hostname="Shika-Laptop" failures="0" tests="1" name="testLayer.FiltrationTest" time="7.376" errors="0" timestamp="2023-08-23T21:00:25 EDT" skipped="0">
  <testcase classname="testLayer.FiltrationTest" name="user_must_be_able_to_select_filters" time="7.376"/>
  <system-out/>
</testsuite> <!-- testLayer.FiltrationTest -->
