<?xml version="1.0" encoding="UTF-8"?>
<!-- Generated by org.testng.reporters.JUnitReportReporter -->
<testsuite hostname="Shika-Laptop" failures="0" tests="1" name="testLayer.LoginSecurityTest" time="4.895" errors="0" timestamp="2023-08-24T11:11:41 EDT" skipped="0">
  <testcase classname="testLayer.LoginSecurityTest" name="user_must_be_able_to_edit_securityDetails" time="4.895"/>
  <system-out/>
</testsuite> <!-- testLayer.LoginSecurityTest -->
